2015-07-20 20:38:49 INFO  TestMcAfeeLoginPage:25 - Going to login page
2015-07-20 20:38:51 INFO  TestMcAfeeLoginPage:31 - Looking for page title
2015-07-20 20:38:52 INFO  TestMcAfeeLoginPage:33 - Title Page login is: McAfee—Antivirus, Encryption, Firewall, Email Security, Web Security, Risk & Compliance
2015-07-20 20:39:34 INFO  TestMcAfeeLoginPage:25 - Going to login page
2015-07-20 20:39:35 INFO  TestMcAfeeLoginPage:37 - Looking for final page url
2015-07-20 20:39:36 INFO  TestMcAfeeLoginPage:38 - Final page URL is:http://www.mcafee.com/us/
2015-07-20 20:39:36 INFO  TestMcAfeeLoginPage:25 - Going to login page
2015-07-20 20:39:36 INFO  TestMcAfeeLoginPage:31 - Looking for page title
2015-07-20 20:39:36 INFO  RetryExec:96 - I/O exception (org.apache.http.NoHttpResponseException) caught when processing request to {}->http://127.0.0.1:7057: The target server failed to respond
2015-07-20 20:39:36 INFO  RetryExec:112 - Retrying request to {}->http://127.0.0.1:7057
2015-07-20 20:41:56 INFO  TestMcAfeeLoginPage:25 - Going to login page
2015-07-20 20:42:03 INFO  TestMcAfeeLoginPage:38 - Looking for final page url
2015-07-20 20:42:04 INFO  TestMcAfeeLoginPage:39 - Final page URL is:http://www.mcafee.com/us/
2015-07-20 20:42:04 INFO  TestMcAfeeLoginPage:25 - Going to login page
2015-07-20 20:45:16 INFO  TestMcAfeeLoginPage:21 - Going to login page
2015-07-20 20:45:17 INFO  TestMcAfeeLoginPage:34 - Looking for final page url
2015-07-20 20:45:19 INFO  TestMcAfeeLoginPage:35 - Final page URL is:http://www.mcafee.com/us/
2015-07-20 20:45:19 INFO  TestMcAfeeLoginPage:21 - Going to login page
2015-07-20 20:45:19 INFO  TestMcAfeeLoginPage:28 - Looking for page title
2015-07-20 20:45:19 INFO  RetryExec:96 - I/O exception (org.apache.http.NoHttpResponseException) caught when processing request to {}->http://127.0.0.1:7055: The target server failed to respond
2015-07-20 20:45:19 INFO  RetryExec:112 - Retrying request to {}->http://127.0.0.1:7055
2015-07-20 20:47:12 INFO  TestMcAfeeLoginPage:21 - Going to login page
2015-07-20 20:47:15 INFO  TestMcAfeeLoginPage:35 - Looking for final page url
2015-07-20 20:47:16 INFO  TestMcAfeeLoginPage:36 - Final page URL is:http://www.mcafee.com/us/
2015-07-20 20:47:16 INFO  TestMcAfeeLoginPage:21 - Going to login page
